# JRE version: OpenJDK Runtime Environment Temurin-23.0.2+7 (23.0.2+7) (build 23.0.2+7)
# Java VM: OpenJDK 64-Bit Server VM Temurin-23.0.2+7 (23.0.2+7, mixed mode, sharing, tiered, compressed oops, compressed class ptrs, g1 gc, windows-amd64)
GC Precious Log:
 CardTable entry size: 512
 Card Set container configuration: InlinePtr #cards 5 size 8 Array Of Cards #cards 10 size 36 Howl #buckets 4 coarsen threshold 1843 Howl Bitmap #cards 512 size 80 coarsen threshold 460 Card regions per heap region 1 cards per card region 2048
 CPUs: 6 total, 6 available
 Memory: 8027M
 Large Page Support: Disabled
 NUMA Support: Disabled
 Compressed Oops: Enabled (32-bit)
 Heap Region Size: 1M
 Heap Min Capacity: 8M
 Heap Initial Capacity: 126M
 Heap Max Capacity: 2008M
 Pre-touch: Disabled
 Parallel Workers: 6
 Concurrent Workers: 2
 Concurrent Refinement Workers: 6
 Periodic GC: Disabled
Heap:
 garbage-first heap   total reserved 2056192K, committed 102400K, used 46681K [0x0000000082800000, 0x0000000100000000)
  region size 1024K, 6 young (6144K), 2 survivors (2048K)
 Metaspace       used 91785K, committed 92736K, reserved 1179648K
  class space    used 12630K, committed 13056K, reserved 1048576K
GC Heap History (20 events):
Event: 13.823 GC heap before
{Heap before GC invocations=31 (full 0):
 garbage-first heap   total reserved 2056192K, committed 84992K, used 74035K [0x0000000082800000, 0x0000000100000000)
  region size 1024K, 40 young (40960K), 4 survivors (4096K)
 Metaspace       used 76969K, committed 77696K, reserved 1179648K
  class space    used 10670K, committed 10944K, reserved 1048576K
}
Event: 13.828 GC heap after
{Heap after GC invocations=32 (full 0):
 garbage-first heap   total reserved 2056192K, committed 84992K, used 37215K [0x0000000082800000, 0x0000000100000000)
  region size 1024K, 2 young (2048K), 2 survivors (2048K)
 Metaspace       used 76969K, committed 77696K, reserved 1179648K
  class space    used 10670K, committed 10944K, reserved 1048576K
}
Event: 14.011 GC heap before
{Heap before GC invocations=32 (full 0):
 garbage-first heap   total reserved 2056192K, committed 84992K, used 76127K [0x0000000082800000, 0x0000000100000000)
  region size 1024K, 41 young (41984K), 2 survivors (2048K)
 Metaspace       used 77744K, committed 78528K, reserved 1179648K
  class space    used 10744K, committed 11072K, reserved 1048576K
}
Event: 14.014 GC heap after
{Heap after GC invocations=33 (full 0):
 garbage-first heap   total reserved 2056192K, committed 84992K, used 37524K [0x0000000082800000, 0x0000000100000000)
  region size 1024K, 3 young (3072K), 3 survivors (3072K)
 Metaspace       used 77744K, committed 78528K, reserved 1179648K
  class space    used 10744K, committed 11072K, reserved 1048576K
}
Event: 14.329 GC heap before
{Heap before GC invocations=34 (full 0):
 garbage-first heap   total reserved 2056192K, committed 84992K, used 75412K [0x0000000082800000, 0x0000000100000000)
  region size 1024K, 40 young (40960K), 3 survivors (3072K)
 Metaspace       used 79415K, committed 80128K, reserved 1179648K
  class space    used 10963K, committed 11264K, reserved 1048576K
}
Event: 14.334 GC heap after
{Heap after GC invocations=35 (full 0):
 garbage-first heap   total reserved 2056192K, committed 84992K, used 39157K [0x0000000082800000, 0x0000000100000000)
  region size 1024K, 4 young (4096K), 4 survivors (4096K)
 Metaspace       used 79415K, committed 80128K, reserved 1179648K
  class space    used 10963K, committed 11264K, reserved 1048576K
}
Event: 14.670 GC heap before
{Heap before GC invocations=35 (full 0):
 garbage-first heap   total reserved 2056192K, committed 84992K, used 74997K [0x0000000082800000, 0x0000000100000000)
  region size 1024K, 39 young (39936K), 4 survivors (4096K)
 Metaspace       used 81348K, committed 82176K, reserved 1179648K
  class space    used 11225K, committed 11584K, reserved 1048576K
}
Event: 14.677 GC heap after
{Heap after GC invocations=36 (full 0):
 garbage-first heap   total reserved 2056192K, committed 102400K, used 40921K [0x0000000082800000, 0x0000000100000000)
  region size 1024K, 5 young (5120K), 5 survivors (5120K)
 Metaspace       used 81348K, committed 82176K, reserved 1179648K
  class space    used 11225K, committed 11584K, reserved 1048576K
}
Event: 15.191 GC heap before
{Heap before GC invocations=36 (full 0):
 garbage-first heap   total reserved 2056192K, committed 102400K, used 91097K [0x0000000082800000, 0x0000000100000000)
  region size 1024K, 54 young (55296K), 5 survivors (5120K)
 Metaspace       used 83467K, committed 84352K, reserved 1179648K
  class space    used 11518K, committed 11904K, reserved 1048576K
}
Event: 15.197 GC heap after
{Heap after GC invocations=37 (full 0):
 garbage-first heap   total reserved 2056192K, committed 102400K, used 44342K [0x0000000082800000, 0x0000000100000000)
  region size 1024K, 7 young (7168K), 7 survivors (7168K)
 Metaspace       used 83467K, committed 84352K, reserved 1179648K
  class space    used 11518K, committed 11904K, reserved 1048576K
}
Event: 15.911 GC heap before
{Heap before GC invocations=37 (full 0):
 garbage-first heap   total reserved 2056192K, committed 102400K, used 89398K [0x0000000082800000, 0x0000000100000000)
  region size 1024K, 51 young (52224K), 7 survivors (7168K)
 Metaspace       used 86491K, committed 87360K, reserved 1179648K
  class space    used 11967K, committed 12352K, reserved 1048576K
}
Event: 15.919 GC heap after
{Heap after GC invocations=38 (full 0):
 garbage-first heap   total reserved 2056192K, committed 102400K, used 45370K [0x0000000082800000, 0x0000000100000000)
  region size 1024K, 5 young (5120K), 5 survivors (5120K)
 Metaspace       used 86491K, committed 87360K, reserved 1179648K
  class space    used 11967K, committed 12352K, reserved 1048576K
}
Event: 99.128 GC heap before
{Heap before GC invocations=38 (full 0):
 garbage-first heap   total reserved 2056192K, committed 102400K, used 90426K [0x0000000082800000, 0x0000000100000000)
  region size 1024K, 50 young (51200K), 5 survivors (5120K)
 Metaspace       used 90709K, committed 91712K, reserved 1179648K
  class space    used 12548K, committed 12992K, reserved 1048576K
}
Event: 99.136 GC heap after
{Heap after GC invocations=39 (full 0):
 garbage-first heap   total reserved 2056192K, committed 102400K, used 46540K [0x0000000082800000, 0x0000000100000000)
  region size 1024K, 5 young (5120K), 5 survivors (5120K)
 Metaspace       used 90709K, committed 91712K, reserved 1179648K
  class space    used 12548K, committed 12992K, reserved 1048576K
}
Event: 514.736 GC heap before
{Heap before GC invocations=40 (full 0):
 garbage-first heap   total reserved 2056192K, committed 102400K, used 85452K [0x0000000082800000, 0x0000000100000000)
  region size 1024K, 44 young (45056K), 5 survivors (5120K)
 Metaspace       used 90875K, committed 91840K, reserved 1179648K
  class space    used 12572K, committed 12992K, reserved 1048576K
}
Event: 514.793 GC heap after
{Heap after GC invocations=41 (full 1):
 garbage-first heap   total reserved 2056192K, committed 102400K, used 36898K [0x0000000082800000, 0x0000000100000000)
  region size 1024K, 0 young (0K), 0 survivors (0K)
 Metaspace       used 90875K, committed 91840K, reserved 1179648K
  class space    used 12572K, committed 12992K, reserved 1048576K
}
Event: 515.649 GC heap before
{Heap before GC invocations=41 (full 1):
 garbage-first heap   total reserved 2056192K, committed 102400K, used 91170K [0x0000000082800000, 0x0000000100000000)
  region size 1024K, 54 young (55296K), 0 survivors (0K)
 Metaspace       used 91386K, committed 92288K, reserved 1179648K
  class space    used 12609K, committed 12992K, reserved 1048576K
}
Event: 515.653 GC heap after
{Heap after GC invocations=42 (full 1):
 garbage-first heap   total reserved 2056192K, committed 102400K, used 42018K [0x0000000082800000, 0x0000000100000000)
  region size 1024K, 5 young (5120K), 5 survivors (5120K)
 Metaspace       used 91386K, committed 92288K, reserved 1179648K
  class space    used 12609K, committed 12992K, reserved 1048576K
}
Event: 519.895 GC heap before
{Heap before GC invocations=42 (full 1):
 garbage-first heap   total reserved 2056192K, committed 102400K, used 89122K [0x0000000082800000, 0x0000000100000000)
  region size 1024K, 51 young (52224K), 5 survivors (5120K)
 Metaspace       used 91671K, committed 92608K, reserved 1179648K
  class space    used 12626K, committed 13056K, reserved 1048576K
}
Event: 519.899 GC heap after
{Heap after GC invocations=43 (full 1):
 garbage-first heap   total reserved 2056192K, committed 102400K, used 43609K [0x0000000082800000, 0x0000000100000000)
  region size 1024K, 2 young (2048K), 2 survivors (2048K)
 Metaspace       used 91671K, committed 92608K, reserved 1179648K
  class space    used 12626K, committed 13056K, reserved 1048576K
}

